<?xml version="1.0" encoding="UTF-8"?>
<!-- Generated by org.testng.reporters.JUnitReportReporter -->
<testsuite hostname="LAPTOP-D5D8JA90" failures="0" tests="3" name="com.blazedemo.testcases.Home" time="27.872" errors="0" timestamp="2023-05-24T21:07:34 IST" skipped="0">
  <testcase classname="com.blazedemo.testcases.Home" name="verifyHeading" time="11.076"/>
  <system-out>
    <![CDATA[Logged in
Got Heading
Heading Matched]]>
  </system-out>
  <testcase classname="com.blazedemo.testcases.Home" name="destinationOfTheWeeklink" time="7.748"/>
  <system-out>
    <![CDATA[Entered into destination page
Checked heading of destination page
URL of destination page matched
Heading contains vacation
navigated back to home page successfully]]>
  </system-out>
  <testcase classname="com.blazedemo.testcases.Home" name="findFlight" time="9.048"/>
  <system-out>
    <![CDATA[Entered into home page
Entered Destination and Departure cities
Reached into choose flight page
Got heading of choose flight page
Heading matched of choose flight page]]>
  </system-out>
</testsuite> <!-- com.blazedemo.testcases.Home -->
