<?xml version="1.0" encoding="UTF-8"?>
<!-- Generated by org.testng.reporters.JUnitReportReporter -->
<testsuite hostname="LAPTOP-D5D8JA90" failures="0" tests="2" name="com.blazedemo.testcases.PurchaseFlight" time="19.506" errors="0" timestamp="2023-05-24T21:07:34 IST" skipped="0">
  <testcase classname="com.blazedemo.testcases.PurchaseFlight" name="validateTotalAmount" time="9.308"/>
  <system-out/>
  <testcase classname="com.blazedemo.testcases.PurchaseFlight" name="validatePurchaseConfirmationPage" time="10.198"/>
  <system-out/>
</testsuite> <!-- com.blazedemo.testcases.PurchaseFlight -->
