<?xml version="1.0" encoding="UTF-8"?>
<!-- Generated by org.testng.reporters.JUnitReportReporter -->
<testsuite hostname="LAPTOP-D5D8JA90" failures="0" tests="2" name="com.blazedemo.testcases.HomePage" time="18.974" errors="0" timestamp="2023-05-13T01:59:28 IST" skipped="0">
  <testcase classname="com.blazedemo.testcases.HomePage" name="verifyHeading" time="9.892"/>
  <system-out/>
  <testcase classname="com.blazedemo.testcases.HomePage" name="navigateToHyperlink" time="9.082"/>
  <system-out/>
</testsuite> <!-- com.blazedemo.testcases.HomePage -->
