<?xml version="1.0" encoding="UTF-8"?>
<!-- Generated by org.testng.reporters.JUnitReportReporter -->
<testsuite hostname="LAPTOP-D5D8JA90" failures="0" tests="1" name="com.blazedemo.testcases.PurchasePage" time="12.942" errors="0" timestamp="2023-05-13T04:07:43 IST" skipped="0">
  <testcase classname="com.blazedemo.testcases.PurchasePage" name="purchaseConfirmation" time="12.942"/>
  <system-out/>
</testsuite> <!-- com.blazedemo.testcases.PurchasePage -->
