<?xml version="1.0" encoding="UTF-8"?>
<!-- Generated by org.testng.reporters.JUnitReportReporter -->
<testsuite hostname="LAPTOP-D5D8JA90" failures="0" tests="1" name="com.blazedemo.testcases.PurchaseConfirmation" time="14.020" errors="0" timestamp="2023-05-27T03:26:13 IST" skipped="0">
  <testcase classname="com.blazedemo.testcases.PurchaseConfirmation" name="purchaseConfirmation" time="14.020"/>
  <system-out/>
</testsuite> <!-- com.blazedemo.testcases.PurchaseConfirmation -->
